Unity Editor version:    2020.3.28f1 (f5400f52e03f)
Branch:                  2020.3/staging
Build type:              Release
Batch mode:              YES
macOS version:           Version 11.2.3 (Build 20D91)
Darwin version:          20.3.0
Architecture:            x86_64
Running under Rosetta:   NO
Available memory:        8192 MB
Using pre-set license
Pro License: NO

COMMAND LINE ARGUMENTS:
/Applications/Unity/Hub/Editor/2020.3.28f1/Unity.app/Contents/MacOS/Unity
-adb2
-batchMode
-noUpm
-name
AssetImportWorker0
-projectPath
/Users/markusagnsgaard/Downloads/game-main
-logFile
Logs/AssetImportWorker0.log
-srvPort
64726
Successfully changed project path to: /Users/markusagnsgaard/Downloads/game-main
/Users/markusagnsgaard/Downloads/game-main
Using Asset Import Pipeline V2.
Refreshing native plugins compatible for Editor in 96.70 ms, found 2 plugins.
Preloading 0 native plugins for Editor in 0.00 ms.
Initialize engine version: 2020.3.28f1 (f5400f52e03f)
[Subsystems] Discovering subsystems at path /Applications/Unity/Hub/Editor/2020.3.28f1/Unity.app/Contents/Resources/UnitySubsystems
[Subsystems] Discovering subsystems at path /Users/markusagnsgaard/Downloads/game-main/Assets
GfxDevice: creating device client; threaded=0
2022-04-21 11:06:21.871 Unity[86486:1056183] Color LCD preferred device: Intel(R) Iris(TM) Plus Graphics 655 (low power)
2022-04-21 11:06:21.871 Unity[86486:1056183] Metal devices available: 1
2022-04-21 11:06:21.871 Unity[86486:1056183] 0: Intel(R) Iris(TM) Plus Graphics 655 (low power)
2022-04-21 11:06:21.871 Unity[86486:1056183] Using device Intel(R) Iris(TM) Plus Graphics 655 (low power)
Initializing Metal device caps: Intel(R) Iris(TM) Plus Graphics 655
Initialize mono
Mono path[0] = '/Applications/Unity/Hub/Editor/2020.3.28f1/Unity.app/Contents/Managed'
Mono path[1] = '/Applications/Unity/Hub/Editor/2020.3.28f1/Unity.app/Contents/MonoBleedingEdge/lib/mono/unityjit'
Mono config path = '/Applications/Unity/Hub/Editor/2020.3.28f1/Unity.app/Contents/MonoBleedingEdge/etc'
Using monoOptions --debugger-agent=transport=dt_socket,embedding=1,server=y,suspend=n,address=127.0.0.1:56486
Begin MonoManager ReloadAssembly
Registering precompiled unity dll's ...
Register platform support module: /Applications/Unity/Hub/Editor/2020.3.28f1/Unity.app/Contents/PlaybackEngines/MacStandaloneSupport/UnityEditor.OSXStandalone.Extensions.dll
Registered in 0.002184 seconds.
Native extension for OSXStandalone target not found
Refreshing native plugins compatible for Editor in 79.10 ms, found 2 plugins.
Preloading 0 native plugins for Editor in 0.00 ms.
Mono: successfully reloaded assembly
- Completed reload, in  0.817 seconds
Domain Reload Profiling:
	ReloadAssembly (817ms)
		BeginReloadAssembly (98ms)
			ExecutionOrderSort (0ms)
			DisableScriptedObjects (0ms)
			BackupInstance (0ms)
			ReleaseScriptingObjects (0ms)
			CreateAndSetChildDomain (1ms)
		EndReloadAssembly (625ms)
			LoadAssemblies (98ms)
			RebuildTransferFunctionScriptingTraits (0ms)
			SetupTypeCache (220ms)
			ReleaseScriptCaches (0ms)
			RebuildScriptCaches (46ms)
			SetupLoadedEditorAssemblies (258ms)
				LogAssemblyErrors (0ms)
				InitializePlatformSupportModulesInManaged (5ms)
				SetLoadedEditorAssemblies (0ms)
				RefreshPlugins (79ms)
				BeforeProcessingInitializeOnLoad (9ms)
				ProcessInitializeOnLoadAttributes (125ms)
				ProcessInitializeOnLoadMethodAttributes (38ms)
				AfterProcessingInitializeOnLoad (0ms)
				EditorAssembliesLoaded (0ms)
			ExecutionOrderSort2 (0ms)
			AwakeInstancesAfterBackupRestoration (0ms)
Platform modules already initialized, skipping
Registering precompiled user dll's ...
Registered in 0.009657 seconds.
Begin MonoManager ReloadAssembly
Native extension for OSXStandalone target not found
Refreshing native plugins compatible for Editor in 82.96 ms, found 2 plugins.
Preloading 0 native plugins for Editor in 0.00 ms.
Mono: successfully reloaded assembly
- Completed reload, in  1.682 seconds
Domain Reload Profiling:
	ReloadAssembly (1684ms)
		BeginReloadAssembly (188ms)
			ExecutionOrderSort (0ms)
			DisableScriptedObjects (6ms)
			BackupInstance (0ms)
			ReleaseScriptingObjects (0ms)
			CreateAndSetChildDomain (35ms)
		EndReloadAssembly (1422ms)
			LoadAssemblies (129ms)
			RebuildTransferFunctionScriptingTraits (0ms)
			SetupTypeCache (499ms)
			ReleaseScriptCaches (1ms)
			RebuildScriptCaches (99ms)
			SetupLoadedEditorAssemblies (543ms)
				LogAssemblyErrors (0ms)
				InitializePlatformSupportModulesInManaged (4ms)
				SetLoadedEditorAssemblies (0ms)
				RefreshPlugins (83ms)
				BeforeProcessingInitializeOnLoad (84ms)
				ProcessInitializeOnLoadAttributes (354ms)
				ProcessInitializeOnLoadMethodAttributes (15ms)
				AfterProcessingInitializeOnLoad (1ms)
				EditorAssembliesLoaded (0ms)
			ExecutionOrderSort2 (0ms)
			AwakeInstancesAfterBackupRestoration (9ms)
Platform modules already initialized, skipping
Validating Project structure ... 0.019632 seconds.
Shader import version has changed; will reimport all shaders...
Upgrading shader files ...0.034316 seconds.
Application.AssetDatabase Initial Script Refresh Start
RefreshInfo: InitialScriptRefreshV2(NoUpdateAssetOptions) scanfilter:  ... 1 filters
RefreshProfiler: Total: 0.000ms
Application.AssetDatabase Initial Script Refresh End
Application.AssetDatabase.Refresh Start
Application.AssetDatabase.Refresh End
RefreshInfo: StopAssetImportingV2(ForceSynchronousImport) scanfilter: 
RefreshProfiler: Total: 0.000ms
Launching external process: /Applications/Unity/Hub/Editor/2020.3.28f1/Unity.app/Contents/Tools/UnityShaderCompiler
Launched and connected shader compiler UnityShaderCompiler after 0.01 seconds
Initializing Unity extensions:
========================================================================
Worker process is ready to serve import requests
Refreshing native plugins compatible for Editor in 1.07 ms, found 2 plugins.
Preloading 0 native plugins for Editor in 0.00 ms.
Unloading 3716 Unused Serialized files (Serialized files now loaded: 0)
System memory in use before: 297.0 MB.
System memory in use after: 296.7 MB.

Unloading 454 unused Assets to reduce memory usage. Loaded Objects now: 4190.
Total: 5.247484 ms (FindLiveObjects: 0.346199 ms CreateObjectMapping: 0.217940 ms MarkObjects: 4.215846 ms  DeleteObjects: 0.466231 ms)

AssetImportParameters requested are different than current active one (requested -> active):
  custom:video-decoder-ogg-theora: a1e56fd34408186e4bbccfd4996cb3dc -> 
  custom:container-muxer-webm: aa71ff27fc2769a1b78a27578f13a17b -> 
  custom:container-demuxer-webm: 4f35f7cbe854078d1ac9338744f61a02 -> 
  custom:container-demuxer-ogg: 62fdf1f143b41e24485cea50d1cbac27 -> 
  custom:video-encoder-webm-vp8: eb34c28f22e8b96e1ab97ce403110664 -> 
  custom:framework-osx-AVFoundation: e770b220cccbd017edd2c1fefb359320 -> 
  custom:video-decoder-webm-vp8: 9c59270c3fd7afecdb556c50c9e8de78 -> 
  custom:audio-decoder-ogg-vorbis: bf7c407c2cedff20999df2af8eb42d56 -> 
  custom:audio-encoder-webm-vorbis: bf7c407c2cedff20999df2af8eb42d56 -> 
========================================================================
Received Import Request.
  path: Assets/pfBulletProjectile.prefab
  artifactKey: Guid(2f9c4f71025654dc495f31b8eb85f36e) Importer(815301076,1909f56bfc062723c751e8b465ee728b)
Start importing Assets/pfBulletProjectile.prefab using Guid(2f9c4f71025654dc495f31b8eb85f36e) Importer(815301076,1909f56bfc062723c751e8b465ee728b)  -> (artifact id: '739bad2996b8546707de5c0f07fbbbff') in 2.174908 seconds 
  Import took 2.190328 seconds .

========================================================================
Received Import Request.
  Time since last request: 11.664361 seconds.
  path: Assets/Scripts/BulletProjectile.cs
  artifactKey: Guid(821380964687d46e6a3237751f7bd908) Importer(815301076,1909f56bfc062723c751e8b465ee728b)
Start importing Assets/Scripts/BulletProjectile.cs using Guid(821380964687d46e6a3237751f7bd908) Importer(815301076,1909f56bfc062723c751e8b465ee728b)  -> (artifact id: '454da7ba9bc3fcbe8712f837fe1ede83') in 0.351794 seconds 
  Import took 0.370059 seconds .

========================================================================
Received Import Request.
  Time since last request: 1.802975 seconds.
  path: Assets/BulletProjectile.cs
  artifactKey: Guid(f121ea647eda04812ad0770fa3db73df) Importer(815301076,1909f56bfc062723c751e8b465ee728b)
Start importing Assets/BulletProjectile.cs using Guid(f121ea647eda04812ad0770fa3db73df) Importer(815301076,1909f56bfc062723c751e8b465ee728b)  -> (artifact id: '9ff0e434384e5312c0128debffa9b19c') in 0.005143 seconds 
  Import took 0.014126 seconds .

========================================================================
Received Prepare
Registering precompiled user dll's ...
Registered in 0.004182 seconds.
Begin MonoManager ReloadAssembly
Native extension for OSXStandalone target not found
Refreshing native plugins compatible for Editor in 1.01 ms, found 2 plugins.
Preloading 0 native plugins for Editor in 0.00 ms.
Mono: successfully reloaded assembly
- Completed reload, in  1.994 seconds
Domain Reload Profiling:
	ReloadAssembly (1995ms)
		BeginReloadAssembly (298ms)
			ExecutionOrderSort (0ms)
			DisableScriptedObjects (18ms)
			BackupInstance (0ms)
			ReleaseScriptingObjects (0ms)
			CreateAndSetChildDomain (144ms)
		EndReloadAssembly (1596ms)
			LoadAssemblies (128ms)
			RebuildTransferFunctionScriptingTraits (0ms)
			SetupTypeCache (545ms)
			ReleaseScriptCaches (1ms)
			RebuildScriptCaches (69ms)
			SetupLoadedEditorAssemblies (554ms)
				LogAssemblyErrors (0ms)
				InitializePlatformSupportModulesInManaged (6ms)
				SetLoadedEditorAssemblies (1ms)
				RefreshPlugins (1ms)
				BeforeProcessingInitializeOnLoad (153ms)
				ProcessInitializeOnLoadAttributes (378ms)
				ProcessInitializeOnLoadMethodAttributes (14ms)
				AfterProcessingInitializeOnLoad (2ms)
				EditorAssembliesLoaded (0ms)
			ExecutionOrderSort2 (0ms)
			AwakeInstancesAfterBackupRestoration (25ms)
Platform modules already initialized, skipping
Refreshing native plugins compatible for Editor in 0.92 ms, found 2 plugins.
Preloading 0 native plugins for Editor in 0.00 ms.
Unloading 3573 Unused Serialized files (Serialized files now loaded: 0)
System memory in use before: 300.0 MB.
System memory in use after: 300.3 MB.

Unloading 19 unused Assets to reduce memory usage. Loaded Objects now: 4238.
Total: 5.762550 ms (FindLiveObjects: 0.406936 ms CreateObjectMapping: 0.279551 ms MarkObjects: 5.043564 ms  DeleteObjects: 0.031299 ms)

AssetImportParameters requested are different than current active one (requested -> active):
  custom:video-decoder-ogg-theora: a1e56fd34408186e4bbccfd4996cb3dc -> 
  custom:container-muxer-webm: aa71ff27fc2769a1b78a27578f13a17b -> 
  custom:container-demuxer-webm: 4f35f7cbe854078d1ac9338744f61a02 -> 
  custom:container-demuxer-ogg: 62fdf1f143b41e24485cea50d1cbac27 -> 
  custom:video-encoder-webm-vp8: eb34c28f22e8b96e1ab97ce403110664 -> 
  custom:framework-osx-AVFoundation: e770b220cccbd017edd2c1fefb359320 -> 
  custom:video-decoder-webm-vp8: 9c59270c3fd7afecdb556c50c9e8de78 -> 
  custom:audio-decoder-ogg-vorbis: bf7c407c2cedff20999df2af8eb42d56 -> 
  custom:audio-encoder-webm-vorbis: bf7c407c2cedff20999df2af8eb42d56 -> 
========================================================================
Received Prepare
Registering precompiled user dll's ...
Registered in 0.002289 seconds.
Begin MonoManager ReloadAssembly
Native extension for OSXStandalone target not found
Refreshing native plugins compatible for Editor in 0.98 ms, found 2 plugins.
Preloading 0 native plugins for Editor in 0.00 ms.
Mono: successfully reloaded assembly
- Completed reload, in  2.062 seconds
Domain Reload Profiling:
	ReloadAssembly (2062ms)
		BeginReloadAssembly (159ms)
			ExecutionOrderSort (0ms)
			DisableScriptedObjects (6ms)
			BackupInstance (0ms)
			ReleaseScriptingObjects (0ms)
			CreateAndSetChildDomain (87ms)
		EndReloadAssembly (1823ms)
			LoadAssemblies (103ms)
			RebuildTransferFunctionScriptingTraits (0ms)
			SetupTypeCache (515ms)
			ReleaseScriptCaches (3ms)
			RebuildScriptCaches (111ms)
			SetupLoadedEditorAssemblies (514ms)
				LogAssemblyErrors (0ms)
				InitializePlatformSupportModulesInManaged (5ms)
				SetLoadedEditorAssemblies (1ms)
				RefreshPlugins (1ms)
				BeforeProcessingInitializeOnLoad (159ms)
				ProcessInitializeOnLoadAttributes (334ms)
				ProcessInitializeOnLoadMethodAttributes (13ms)
				AfterProcessingInitializeOnLoad (1ms)
				EditorAssembliesLoaded (0ms)
			ExecutionOrderSort2 (0ms)
			AwakeInstancesAfterBackupRestoration (20ms)
Platform modules already initialized, skipping
Refreshing native plugins compatible for Editor in 0.91 ms, found 2 plugins.
Preloading 0 native plugins for Editor in 0.00 ms.
Unloading 3573 Unused Serialized files (Serialized files now loaded: 0)
System memory in use before: 300.5 MB.
System memory in use after: 300.7 MB.

Unloading 17 unused Assets to reduce memory usage. Loaded Objects now: 4240.
Total: 4.533919 ms (FindLiveObjects: 0.350024 ms CreateObjectMapping: 0.214682 ms MarkObjects: 3.941294 ms  DeleteObjects: 0.026967 ms)

AssetImportParameters requested are different than current active one (requested -> active):
  custom:video-decoder-ogg-theora: a1e56fd34408186e4bbccfd4996cb3dc -> 
  custom:container-muxer-webm: aa71ff27fc2769a1b78a27578f13a17b -> 
  custom:container-demuxer-webm: 4f35f7cbe854078d1ac9338744f61a02 -> 
  custom:container-demuxer-ogg: 62fdf1f143b41e24485cea50d1cbac27 -> 
  custom:video-encoder-webm-vp8: eb34c28f22e8b96e1ab97ce403110664 -> 
  custom:framework-osx-AVFoundation: e770b220cccbd017edd2c1fefb359320 -> 
  custom:video-decoder-webm-vp8: 9c59270c3fd7afecdb556c50c9e8de78 -> 
  custom:audio-decoder-ogg-vorbis: bf7c407c2cedff20999df2af8eb42d56 -> 
  custom:audio-encoder-webm-vorbis: bf7c407c2cedff20999df2af8eb42d56 -> 
========================================================================
Received Import Request.
  Time since last request: 44.250896 seconds.
  path: Assets/pfBulletProjectile.prefab
  artifactKey: Guid(2f9c4f71025654dc495f31b8eb85f36e) Importer(815301076,1909f56bfc062723c751e8b465ee728b)
Start importing Assets/pfBulletProjectile.prefab using Guid(2f9c4f71025654dc495f31b8eb85f36e) Importer(815301076,1909f56bfc062723c751e8b465ee728b)  -> (artifact id: '0b1031e9388dbd082d4b9e28242e3387') in 0.178838 seconds 
  Import took 0.186804 seconds .

========================================================================
Received Import Request.
  Time since last request: 8.809113 seconds.
  path: Assets/pdfParticle.prefab
  artifactKey: Guid(8bc7b8aac986c4da4ac89111def26def) Importer(815301076,1909f56bfc062723c751e8b465ee728b)
Start importing Assets/pdfParticle.prefab using Guid(8bc7b8aac986c4da4ac89111def26def) Importer(815301076,1909f56bfc062723c751e8b465ee728b)  -> (artifact id: 'cefd2c5c361cae4b66756ef9829ab8d2') in 0.143030 seconds 
  Import took 0.150720 seconds .

========================================================================
Received Import Request.
  Time since last request: 0.000272 seconds.
  path: Assets/GlowingParticalMaterial.mat
  artifactKey: Guid(c9224d16252984ebebaaeb30813c959f) Importer(815301076,1909f56bfc062723c751e8b465ee728b)
Start importing Assets/GlowingParticalMaterial.mat using Guid(c9224d16252984ebebaaeb30813c959f) Importer(815301076,1909f56bfc062723c751e8b465ee728b)  -> (artifact id: '8d9437b3a8793b05a4de5d76bd122cbb') in 0.438471 seconds 
  Import took 0.448858 seconds .

========================================================================
Received Import Request.
  Time since last request: 2.202214 seconds.
  path: Assets/Particle System.prefab
  artifactKey: Guid(ccd4dc3ee3af6453ba74aa2803f1c302) Importer(815301076,1909f56bfc062723c751e8b465ee728b)
Start importing Assets/Particle System.prefab using Guid(ccd4dc3ee3af6453ba74aa2803f1c302) Importer(815301076,1909f56bfc062723c751e8b465ee728b)  -> (artifact id: '95f500f2072386493ce95188b2b7ef6b') in 0.031358 seconds 
  Import took 0.040758 seconds .

========================================================================
Received Import Request.
  Time since last request: 18.097925 seconds.
  path: Assets/Scripts/BulletProjectile.cs
  artifactKey: Guid(f121ea647eda04812ad0770fa3db73df) Importer(815301076,1909f56bfc062723c751e8b465ee728b)
Start importing Assets/Scripts/BulletProjectile.cs using Guid(f121ea647eda04812ad0770fa3db73df) Importer(815301076,1909f56bfc062723c751e8b465ee728b)  -> (artifact id: '8221addaae707bcf818fd25ecab1a08a') in 0.005321 seconds 
  Import took 0.013639 seconds .

========================================================================
Received Prepare
Registering precompiled user dll's ...
Registered in 0.004058 seconds.
Begin MonoManager ReloadAssembly
Native extension for OSXStandalone target not found
Refreshing native plugins compatible for Editor in 1.12 ms, found 2 plugins.
Preloading 0 native plugins for Editor in 0.00 ms.
Mono: successfully reloaded assembly
- Completed reload, in  1.826 seconds
Domain Reload Profiling:
	ReloadAssembly (1827ms)
		BeginReloadAssembly (163ms)
			ExecutionOrderSort (0ms)
			DisableScriptedObjects (8ms)
			BackupInstance (0ms)
			ReleaseScriptingObjects (0ms)
			CreateAndSetChildDomain (89ms)
		EndReloadAssembly (1581ms)
			LoadAssemblies (100ms)
			RebuildTransferFunctionScriptingTraits (0ms)
			SetupTypeCache (562ms)
			ReleaseScriptCaches (2ms)
			RebuildScriptCaches (70ms)
			SetupLoadedEditorAssemblies (525ms)
				LogAssemblyErrors (0ms)
				InitializePlatformSupportModulesInManaged (4ms)
				SetLoadedEditorAssemblies (1ms)
				RefreshPlugins (1ms)
				BeforeProcessingInitializeOnLoad (137ms)
				ProcessInitializeOnLoadAttributes (361ms)
				ProcessInitializeOnLoadMethodAttributes (20ms)
				AfterProcessingInitializeOnLoad (2ms)
				EditorAssembliesLoaded (0ms)
			ExecutionOrderSort2 (0ms)
			AwakeInstancesAfterBackupRestoration (24ms)
Platform modules already initialized, skipping
Refreshing native plugins compatible for Editor in 0.91 ms, found 2 plugins.
Preloading 0 native plugins for Editor in 0.00 ms.
Unloading 3573 Unused Serialized files (Serialized files now loaded: 0)
System memory in use before: 305.6 MB.
System memory in use after: 305.8 MB.

Unloading 17 unused Assets to reduce memory usage. Loaded Objects now: 4313.
Total: 4.120383 ms (FindLiveObjects: 0.302939 ms CreateObjectMapping: 0.165842 ms MarkObjects: 3.621744 ms  DeleteObjects: 0.028959 ms)

AssetImportParameters requested are different than current active one (requested -> active):
  custom:video-decoder-ogg-theora: a1e56fd34408186e4bbccfd4996cb3dc -> 
  custom:container-muxer-webm: aa71ff27fc2769a1b78a27578f13a17b -> 
  custom:container-demuxer-webm: 4f35f7cbe854078d1ac9338744f61a02 -> 
  custom:container-demuxer-ogg: 62fdf1f143b41e24485cea50d1cbac27 -> 
  custom:video-encoder-webm-vp8: eb34c28f22e8b96e1ab97ce403110664 -> 
  custom:framework-osx-AVFoundation: e770b220cccbd017edd2c1fefb359320 -> 
  custom:video-decoder-webm-vp8: 9c59270c3fd7afecdb556c50c9e8de78 -> 
  custom:audio-decoder-ogg-vorbis: bf7c407c2cedff20999df2af8eb42d56 -> 
  custom:audio-encoder-webm-vorbis: bf7c407c2cedff20999df2af8eb42d56 -> 
========================================================================
Received Import Request.
  Time since last request: 6.566966 seconds.
  path: Assets/Scripts/BulletProjectile.cs
  artifactKey: Guid(f121ea647eda04812ad0770fa3db73df) Importer(815301076,1909f56bfc062723c751e8b465ee728b)
Start importing Assets/Scripts/BulletProjectile.cs using Guid(f121ea647eda04812ad0770fa3db73df) Importer(815301076,1909f56bfc062723c751e8b465ee728b)  -> (artifact id: '9f600b946d50478ee50b17912f8e4926') in 0.008064 seconds 
  Import took 0.014909 seconds .

========================================================================
Received Prepare
Registering precompiled user dll's ...
Registered in 0.002137 seconds.
Begin MonoManager ReloadAssembly
Native extension for OSXStandalone target not found
Refreshing native plugins compatible for Editor in 0.94 ms, found 2 plugins.
Preloading 0 native plugins for Editor in 0.00 ms.
Mono: successfully reloaded assembly
- Completed reload, in  1.655 seconds
Domain Reload Profiling:
	ReloadAssembly (1655ms)
		BeginReloadAssembly (158ms)
			ExecutionOrderSort (0ms)
			DisableScriptedObjects (6ms)
			BackupInstance (0ms)
			ReleaseScriptingObjects (0ms)
			CreateAndSetChildDomain (88ms)
		EndReloadAssembly (1413ms)
			LoadAssemblies (94ms)
			RebuildTransferFunctionScriptingTraits (0ms)
			SetupTypeCache (525ms)
			ReleaseScriptCaches (1ms)
			RebuildScriptCaches (66ms)
			SetupLoadedEditorAssemblies (478ms)
				LogAssemblyErrors (0ms)
				InitializePlatformSupportModulesInManaged (4ms)
				SetLoadedEditorAssemblies (1ms)
				RefreshPlugins (1ms)
				BeforeProcessingInitializeOnLoad (135ms)
				ProcessInitializeOnLoadAttributes (322ms)
				ProcessInitializeOnLoadMethodAttributes (13ms)
				AfterProcessingInitializeOnLoad (2ms)
				EditorAssembliesLoaded (0ms)
			ExecutionOrderSort2 (0ms)
			AwakeInstancesAfterBackupRestoration (20ms)
Platform modules already initialized, skipping
Refreshing native plugins compatible for Editor in 0.95 ms, found 2 plugins.
Preloading 0 native plugins for Editor in 0.00 ms.
Unloading 3573 Unused Serialized files (Serialized files now loaded: 0)
System memory in use before: 305.8 MB.
System memory in use after: 306.1 MB.

Unloading 17 unused Assets to reduce memory usage. Loaded Objects now: 4315.
Total: 4.065351 ms (FindLiveObjects: 0.300241 ms CreateObjectMapping: 0.169587 ms MarkObjects: 3.570760 ms  DeleteObjects: 0.023932 ms)

AssetImportParameters requested are different than current active one (requested -> active):
  custom:video-decoder-ogg-theora: a1e56fd34408186e4bbccfd4996cb3dc -> 
  custom:container-muxer-webm: aa71ff27fc2769a1b78a27578f13a17b -> 
  custom:container-demuxer-webm: 4f35f7cbe854078d1ac9338744f61a02 -> 
  custom:container-demuxer-ogg: 62fdf1f143b41e24485cea50d1cbac27 -> 
  custom:video-encoder-webm-vp8: eb34c28f22e8b96e1ab97ce403110664 -> 
  custom:framework-osx-AVFoundation: e770b220cccbd017edd2c1fefb359320 -> 
  custom:video-decoder-webm-vp8: 9c59270c3fd7afecdb556c50c9e8de78 -> 
  custom:audio-decoder-ogg-vorbis: bf7c407c2cedff20999df2af8eb42d56 -> 
  custom:audio-encoder-webm-vorbis: bf7c407c2cedff20999df2af8eb42d56 -> 
========================================================================
Received Prepare
Registering precompiled user dll's ...
Registered in 0.013844 seconds.
Begin MonoManager ReloadAssembly
Native extension for OSXStandalone target not found
Refreshing native plugins compatible for Editor in 1.61 ms, found 2 plugins.
Preloading 0 native plugins for Editor in 0.00 ms.
Mono: successfully reloaded assembly
- Completed reload, in  2.323 seconds
Domain Reload Profiling:
	ReloadAssembly (2327ms)
		BeginReloadAssembly (388ms)
			ExecutionOrderSort (0ms)
			DisableScriptedObjects (20ms)
			BackupInstance (0ms)
			ReleaseScriptingObjects (0ms)
			CreateAndSetChildDomain (198ms)
		EndReloadAssembly (1838ms)
			LoadAssemblies (242ms)
			RebuildTransferFunctionScriptingTraits (0ms)
			SetupTypeCache (654ms)
			ReleaseScriptCaches (6ms)
			RebuildScriptCaches (88ms)
			SetupLoadedEditorAssemblies (595ms)
				LogAssemblyErrors (0ms)
				InitializePlatformSupportModulesInManaged (6ms)
				SetLoadedEditorAssemblies (1ms)
				RefreshPlugins (2ms)
				BeforeProcessingInitializeOnLoad (177ms)
				ProcessInitializeOnLoadAttributes (390ms)
				ProcessInitializeOnLoadMethodAttributes (18ms)
				AfterProcessingInitializeOnLoad (1ms)
				EditorAssembliesLoaded (0ms)
			ExecutionOrderSort2 (0ms)
			AwakeInstancesAfterBackupRestoration (21ms)
Platform modules already initialized, skipping
Refreshing native plugins compatible for Editor in 1.13 ms, found 2 plugins.
Preloading 0 native plugins for Editor in 0.00 ms.
Unloading 3573 Unused Serialized files (Serialized files now loaded: 0)
System memory in use before: 306.1 MB.
System memory in use after: 306.3 MB.

Unloading 17 unused Assets to reduce memory usage. Loaded Objects now: 4317.
Total: 6.551969 ms (FindLiveObjects: 2.201371 ms CreateObjectMapping: 0.287203 ms MarkObjects: 4.023706 ms  DeleteObjects: 0.038557 ms)

AssetImportParameters requested are different than current active one (requested -> active):
  custom:video-decoder-ogg-theora: a1e56fd34408186e4bbccfd4996cb3dc -> 
  custom:container-muxer-webm: aa71ff27fc2769a1b78a27578f13a17b -> 
  custom:container-demuxer-webm: 4f35f7cbe854078d1ac9338744f61a02 -> 
  custom:container-demuxer-ogg: 62fdf1f143b41e24485cea50d1cbac27 -> 
  custom:video-encoder-webm-vp8: eb34c28f22e8b96e1ab97ce403110664 -> 
  custom:framework-osx-AVFoundation: e770b220cccbd017edd2c1fefb359320 -> 
  custom:video-decoder-webm-vp8: 9c59270c3fd7afecdb556c50c9e8de78 -> 
  custom:audio-decoder-ogg-vorbis: bf7c407c2cedff20999df2af8eb42d56 -> 
  custom:audio-encoder-webm-vorbis: bf7c407c2cedff20999df2af8eb42d56 -> 
========================================================================
Received Import Request.
  Time since last request: 91.293419 seconds.
  path: Assets/VFX_HitRed.prefab
  artifactKey: Guid(815dc44ab04764adc9e26f9f951886e4) Importer(815301076,1909f56bfc062723c751e8b465ee728b)
Start importing Assets/VFX_HitRed.prefab using Guid(815dc44ab04764adc9e26f9f951886e4) Importer(815301076,1909f56bfc062723c751e8b465ee728b)  -> (artifact id: 'db9a50d97c3c3ffe76b325fe3b7d75fc') in 0.188098 seconds 
  Import took 0.195822 seconds .

========================================================================
Received Import Request.
  Time since last request: 384.475386 seconds.
  path: Assets/VFX_HitGreen.prefab
  artifactKey: Guid(5328b0eaeaaf44ca7878f96cacb93d16) Importer(815301076,1909f56bfc062723c751e8b465ee728b)
Start importing Assets/VFX_HitGreen.prefab using Guid(5328b0eaeaaf44ca7878f96cacb93d16) Importer(815301076,1909f56bfc062723c751e8b465ee728b)  -> (artifact id: '74fb822645932add06d1829cc95ffbdb') in 0.254546 seconds 
  Import took 0.605552 seconds .

========================================================================
Received Import Request.
  Time since last request: 399.185591 seconds.
  path: Assets/VFX_HitGreen.prefab
  artifactKey: Guid(5328b0eaeaaf44ca7878f96cacb93d16) Importer(815301076,1909f56bfc062723c751e8b465ee728b)
Start importing Assets/VFX_HitGreen.prefab using Guid(5328b0eaeaaf44ca7878f96cacb93d16) Importer(815301076,1909f56bfc062723c751e8b465ee728b)  -> (artifact id: '3be89bddd5ec74be0962c5a357ad4f8f') in 0.159803 seconds 
  Import took 0.242970 seconds .

========================================================================
Received Import Request.
  Time since last request: 8.670936 seconds.
  path: Assets/VFX_HitGreen.prefab
  artifactKey: Guid(5328b0eaeaaf44ca7878f96cacb93d16) Importer(815301076,1909f56bfc062723c751e8b465ee728b)
Start importing Assets/VFX_HitGreen.prefab using Guid(5328b0eaeaaf44ca7878f96cacb93d16) Importer(815301076,1909f56bfc062723c751e8b465ee728b)  -> (artifact id: 'afa6452fdf3222c02d752e8ad0c2b49b') in 0.136920 seconds 
  Import took 0.147116 seconds .

========================================================================
Received Import Request.
  Time since last request: 10.355005 seconds.
  path: Assets/VFX_HitRed.prefab
  artifactKey: Guid(815dc44ab04764adc9e26f9f951886e4) Importer(815301076,1909f56bfc062723c751e8b465ee728b)
Start importing Assets/VFX_HitRed.prefab using Guid(815dc44ab04764adc9e26f9f951886e4) Importer(815301076,1909f56bfc062723c751e8b465ee728b)  -> (artifact id: '6bbbb4c1f5b5ef34a8daf6979fabe5c3') in 0.036707 seconds 
  Import took 0.044419 seconds .

========================================================================
Received Prepare
Registering precompiled user dll's ...
Registered in 0.011336 seconds.
Begin MonoManager ReloadAssembly
Native extension for OSXStandalone target not found
Refreshing native plugins compatible for Editor in 0.95 ms, found 2 plugins.
Preloading 0 native plugins for Editor in 0.00 ms.
Mono: successfully reloaded assembly
- Completed reload, in  2.583 seconds
Domain Reload Profiling:
	ReloadAssembly (2587ms)
		BeginReloadAssembly (480ms)
			ExecutionOrderSort (0ms)
			DisableScriptedObjects (37ms)
			BackupInstance (0ms)
			ReleaseScriptingObjects (0ms)
			CreateAndSetChildDomain (246ms)
		EndReloadAssembly (2004ms)
			LoadAssemblies (255ms)
			RebuildTransferFunctionScriptingTraits (0ms)
			SetupTypeCache (692ms)
			ReleaseScriptCaches (3ms)
			RebuildScriptCaches (80ms)
			SetupLoadedEditorAssemblies (756ms)
				LogAssemblyErrors (0ms)
				InitializePlatformSupportModulesInManaged (9ms)
				SetLoadedEditorAssemblies (1ms)
				RefreshPlugins (1ms)
				BeforeProcessingInitializeOnLoad (176ms)
				ProcessInitializeOnLoadAttributes (551ms)
				ProcessInitializeOnLoadMethodAttributes (16ms)
				AfterProcessingInitializeOnLoad (1ms)
				EditorAssembliesLoaded (0ms)
			ExecutionOrderSort2 (0ms)
			AwakeInstancesAfterBackupRestoration (26ms)
Platform modules already initialized, skipping
Refreshing native plugins compatible for Editor in 2.45 ms, found 2 plugins.
Preloading 0 native plugins for Editor in 0.00 ms.
Unloading 3573 Unused Serialized files (Serialized files now loaded: 0)
System memory in use before: 306.6 MB.
System memory in use after: 306.9 MB.

Unloading 17 unused Assets to reduce memory usage. Loaded Objects now: 4355.
Total: 5.232685 ms (FindLiveObjects: 0.365269 ms CreateObjectMapping: 0.190833 ms MarkObjects: 4.640129 ms  DeleteObjects: 0.035556 ms)

AssetImportParameters requested are different than current active one (requested -> active):
  custom:video-decoder-ogg-theora: a1e56fd34408186e4bbccfd4996cb3dc -> 
  custom:container-muxer-webm: aa71ff27fc2769a1b78a27578f13a17b -> 
  custom:container-demuxer-webm: 4f35f7cbe854078d1ac9338744f61a02 -> 
  custom:container-demuxer-ogg: 62fdf1f143b41e24485cea50d1cbac27 -> 
  custom:video-encoder-webm-vp8: eb34c28f22e8b96e1ab97ce403110664 -> 
  custom:framework-osx-AVFoundation: e770b220cccbd017edd2c1fefb359320 -> 
  custom:video-decoder-webm-vp8: 9c59270c3fd7afecdb556c50c9e8de78 -> 
  custom:audio-decoder-ogg-vorbis: bf7c407c2cedff20999df2af8eb42d56 -> 
  custom:audio-encoder-webm-vorbis: bf7c407c2cedff20999df2af8eb42d56 -> 
========================================================================
Received Prepare
Registering precompiled user dll's ...
Registered in 0.017372 seconds.
Begin MonoManager ReloadAssembly
Native extension for OSXStandalone target not found
Refreshing native plugins compatible for Editor in 1.42 ms, found 2 plugins.
Preloading 0 native plugins for Editor in 0.00 ms.
Mono: successfully reloaded assembly
- Completed reload, in  2.584 seconds
Domain Reload Profiling:
	ReloadAssembly (2591ms)
		BeginReloadAssembly (481ms)
			ExecutionOrderSort (0ms)
			DisableScriptedObjects (24ms)
			BackupInstance (0ms)
			ReleaseScriptingObjects (0ms)
			CreateAndSetChildDomain (256ms)
		EndReloadAssembly (1993ms)
			LoadAssemblies (261ms)
			RebuildTransferFunctionScriptingTraits (1ms)
			SetupTypeCache (769ms)
			ReleaseScriptCaches (3ms)
			RebuildScriptCaches (89ms)
			SetupLoadedEditorAssemblies (612ms)
				LogAssemblyErrors (0ms)
				InitializePlatformSupportModulesInManaged (7ms)
				SetLoadedEditorAssemblies (1ms)
				RefreshPlugins (1ms)
				BeforeProcessingInitializeOnLoad (187ms)
				ProcessInitializeOnLoadAttributes (398ms)
				ProcessInitializeOnLoadMethodAttributes (16ms)
				AfterProcessingInitializeOnLoad (2ms)
				EditorAssembliesLoaded (0ms)
			ExecutionOrderSort2 (0ms)
			AwakeInstancesAfterBackupRestoration (24ms)
Platform modules already initialized, skipping
Refreshing native plugins compatible for Editor in 0.92 ms, found 2 plugins.
Preloading 0 native plugins for Editor in 0.00 ms.
Unloading 3573 Unused Serialized files (Serialized files now loaded: 0)
System memory in use before: 306.9 MB.
System memory in use after: 307.1 MB.

Unloading 17 unused Assets to reduce memory usage. Loaded Objects now: 4357.
Total: 5.828564 ms (FindLiveObjects: 0.533519 ms CreateObjectMapping: 0.385141 ms MarkObjects: 4.862828 ms  DeleteObjects: 0.046175 ms)

AssetImportParameters requested are different than current active one (requested -> active):
  custom:video-decoder-ogg-theora: a1e56fd34408186e4bbccfd4996cb3dc -> 
  custom:container-muxer-webm: aa71ff27fc2769a1b78a27578f13a17b -> 
  custom:container-demuxer-webm: 4f35f7cbe854078d1ac9338744f61a02 -> 
  custom:container-demuxer-ogg: 62fdf1f143b41e24485cea50d1cbac27 -> 
  custom:video-encoder-webm-vp8: eb34c28f22e8b96e1ab97ce403110664 -> 
  custom:framework-osx-AVFoundation: e770b220cccbd017edd2c1fefb359320 -> 
  custom:video-decoder-webm-vp8: 9c59270c3fd7afecdb556c50c9e8de78 -> 
  custom:audio-decoder-ogg-vorbis: bf7c407c2cedff20999df2af8eb42d56 -> 
  custom:audio-encoder-webm-vorbis: bf7c407c2cedff20999df2af8eb42d56 -> 
========================================================================
Received Import Request.
  Time since last request: 846.717425 seconds.
  path: Assets/Scripts/BulletTarget.cs
  artifactKey: Guid(68f17444900f94c4ca0905e7760cca89) Importer(815301076,1909f56bfc062723c751e8b465ee728b)
Start importing Assets/Scripts/BulletTarget.cs using Guid(68f17444900f94c4ca0905e7760cca89) Importer(815301076,1909f56bfc062723c751e8b465ee728b)  -> (artifact id: '8b8af3574584be5ec9e7612d1e0ec7c0') in 0.048103 seconds 
  Import took 0.075033 seconds .

========================================================================
Received Prepare
Registering precompiled user dll's ...
Registered in 0.009862 seconds.
Begin MonoManager ReloadAssembly
Native extension for OSXStandalone target not found
Refreshing native plugins compatible for Editor in 0.93 ms, found 2 plugins.
Preloading 0 native plugins for Editor in 0.00 ms.
Mono: successfully reloaded assembly
- Completed reload, in  2.258 seconds
Domain Reload Profiling:
	ReloadAssembly (2261ms)
		BeginReloadAssembly (395ms)
			ExecutionOrderSort (0ms)
			DisableScriptedObjects (17ms)
			BackupInstance (0ms)
			ReleaseScriptingObjects (0ms)
			CreateAndSetChildDomain (170ms)
		EndReloadAssembly (1756ms)
			LoadAssemblies (269ms)
			RebuildTransferFunctionScriptingTraits (0ms)
			SetupTypeCache (711ms)
			ReleaseScriptCaches (2ms)
			RebuildScriptCaches (76ms)
			SetupLoadedEditorAssemblies (513ms)
				LogAssemblyErrors (0ms)
				InitializePlatformSupportModulesInManaged (5ms)
				SetLoadedEditorAssemblies (1ms)
				RefreshPlugins (1ms)
				BeforeProcessingInitializeOnLoad (139ms)
				ProcessInitializeOnLoadAttributes (350ms)
				ProcessInitializeOnLoadMethodAttributes (16ms)
				AfterProcessingInitializeOnLoad (2ms)
				EditorAssembliesLoaded (0ms)
			ExecutionOrderSort2 (0ms)
			AwakeInstancesAfterBackupRestoration (23ms)
Platform modules already initialized, skipping
Refreshing native plugins compatible for Editor in 1.05 ms, found 2 plugins.
Preloading 0 native plugins for Editor in 0.00 ms.
Unloading 3573 Unused Serialized files (Serialized files now loaded: 0)
System memory in use before: 307.1 MB.
System memory in use after: 307.3 MB.

Unloading 17 unused Assets to reduce memory usage. Loaded Objects now: 4359.
Total: 5.954918 ms (FindLiveObjects: 0.469344 ms CreateObjectMapping: 0.244229 ms MarkObjects: 5.152169 ms  DeleteObjects: 0.087104 ms)

AssetImportParameters requested are different than current active one (requested -> active):
  custom:video-decoder-ogg-theora: a1e56fd34408186e4bbccfd4996cb3dc -> 
  custom:container-muxer-webm: aa71ff27fc2769a1b78a27578f13a17b -> 
  custom:container-demuxer-webm: 4f35f7cbe854078d1ac9338744f61a02 -> 
  custom:container-demuxer-ogg: 62fdf1f143b41e24485cea50d1cbac27 -> 
  custom:video-encoder-webm-vp8: eb34c28f22e8b96e1ab97ce403110664 -> 
  custom:framework-osx-AVFoundation: e770b220cccbd017edd2c1fefb359320 -> 
  custom:video-decoder-webm-vp8: 9c59270c3fd7afecdb556c50c9e8de78 -> 
  custom:audio-decoder-ogg-vorbis: bf7c407c2cedff20999df2af8eb42d56 -> 
  custom:audio-encoder-webm-vorbis: bf7c407c2cedff20999df2af8eb42d56 -> 
========================================================================
Received Prepare
Registering precompiled user dll's ...
Registered in 0.013206 seconds.
Begin MonoManager ReloadAssembly
Native extension for OSXStandalone target not found
Refreshing native plugins compatible for Editor in 1.20 ms, found 2 plugins.
Preloading 0 native plugins for Editor in 0.00 ms.
Mono: successfully reloaded assembly
- Completed reload, in  2.702 seconds
Domain Reload Profiling:
	ReloadAssembly (2710ms)
		BeginReloadAssembly (475ms)
			ExecutionOrderSort (0ms)
			DisableScriptedObjects (28ms)
			BackupInstance (0ms)
			ReleaseScriptingObjects (0ms)
			CreateAndSetChildDomain (215ms)
		EndReloadAssembly (2107ms)
			LoadAssemblies (287ms)
			RebuildTransferFunctionScriptingTraits (1ms)
			SetupTypeCache (758ms)
			ReleaseScriptCaches (8ms)
			RebuildScriptCaches (111ms)
			SetupLoadedEditorAssemblies (692ms)
				LogAssemblyErrors (0ms)
				InitializePlatformSupportModulesInManaged (5ms)
				SetLoadedEditorAssemblies (1ms)
				RefreshPlugins (1ms)
				BeforeProcessingInitializeOnLoad (190ms)
				ProcessInitializeOnLoadAttributes (470ms)
				ProcessInitializeOnLoadMethodAttributes (23ms)
				AfterProcessingInitializeOnLoad (2ms)
				EditorAssembliesLoaded (0ms)
			ExecutionOrderSort2 (0ms)
			AwakeInstancesAfterBackupRestoration (27ms)
Platform modules already initialized, skipping
Refreshing native plugins compatible for Editor in 1.74 ms, found 2 plugins.
Preloading 0 native plugins for Editor in 0.00 ms.
Unloading 3573 Unused Serialized files (Serialized files now loaded: 0)
System memory in use before: 307.3 MB.
System memory in use after: 307.6 MB.

Unloading 17 unused Assets to reduce memory usage. Loaded Objects now: 4361.
Total: 13.110399 ms (FindLiveObjects: 1.186207 ms CreateObjectMapping: 0.424824 ms MarkObjects: 11.374177 ms  DeleteObjects: 0.123937 ms)

AssetImportParameters requested are different than current active one (requested -> active):
  custom:video-decoder-ogg-theora: a1e56fd34408186e4bbccfd4996cb3dc -> 
  custom:container-muxer-webm: aa71ff27fc2769a1b78a27578f13a17b -> 
  custom:container-demuxer-webm: 4f35f7cbe854078d1ac9338744f61a02 -> 
  custom:container-demuxer-ogg: 62fdf1f143b41e24485cea50d1cbac27 -> 
  custom:video-encoder-webm-vp8: eb34c28f22e8b96e1ab97ce403110664 -> 
  custom:framework-osx-AVFoundation: e770b220cccbd017edd2c1fefb359320 -> 
  custom:video-decoder-webm-vp8: 9c59270c3fd7afecdb556c50c9e8de78 -> 
  custom:audio-decoder-ogg-vorbis: bf7c407c2cedff20999df2af8eb42d56 -> 
  custom:audio-encoder-webm-vorbis: bf7c407c2cedff20999df2af8eb42d56 -> 
========================================================================
Received Import Request.
  Time since last request: 903.552196 seconds.
  path: Assets/VFX_HitGreen.prefab
  artifactKey: Guid(5328b0eaeaaf44ca7878f96cacb93d16) Importer(815301076,1909f56bfc062723c751e8b465ee728b)
Start importing Assets/VFX_HitGreen.prefab using Guid(5328b0eaeaaf44ca7878f96cacb93d16) Importer(815301076,1909f56bfc062723c751e8b465ee728b)  -> (artifact id: 'd2146baadbf2dfb37451b60f885b6134') in 0.722126 seconds 
  Import took 0.924415 seconds .

========================================================================
Received Import Request.
  Time since last request: 4.123806 seconds.
  path: ProjectSettings/TagManager.asset
  artifactKey: Guid(00000000000000003000000000000000) Importer(815301076,1909f56bfc062723c751e8b465ee728b)
Start importing ProjectSettings/TagManager.asset using Guid(00000000000000003000000000000000) Importer(815301076,1909f56bfc062723c751e8b465ee728b)  -> (artifact id: '9216ae2d9057167e735249c446ee0240') in 0.494351 seconds 
  Import took 0.511816 seconds .

========================================================================
Received Import Request.
  Time since last request: 488.031683 seconds.
  path: Assets/_
  artifactKey: Guid(4ad70f11d566df74ea78e615ab4e6803) Importer(815301076,1909f56bfc062723c751e8b465ee728b)
Start importing Assets/_ using Guid(4ad70f11d566df74ea78e615ab4e6803) Importer(815301076,1909f56bfc062723c751e8b465ee728b)  -> (artifact id: 'f75440df750204442bd34415c226453d') in 0.024605 seconds 
  Import took 0.147929 seconds .

========================================================================
Received Import Request.
  Time since last request: 9.749572 seconds.
  path: Assets/_/Stuff/V_Animation/UnitAnim.cs
  artifactKey: Guid(6dede7bf52deee143ab956cd0a5f8ea1) Importer(815301076,1909f56bfc062723c751e8b465ee728b)
Start importing Assets/_/Stuff/V_Animation/UnitAnim.cs using Guid(6dede7bf52deee143ab956cd0a5f8ea1) Importer(815301076,1909f56bfc062723c751e8b465ee728b)  -> (artifact id: '2909f40edb254d59e28fe33830855d73') in 0.024538 seconds 
  Import took 0.034077 seconds .

========================================================================
Received Import Request.
  Time since last request: 3.104886 seconds.
  path: Assets/_/Stuff/V_Animation/V_Skeleton_Anim.cs
  artifactKey: Guid(8fdc43bcc9e937e4cbf6366fbab9c878) Importer(815301076,1909f56bfc062723c751e8b465ee728b)
Start importing Assets/_/Stuff/V_Animation/V_Skeleton_Anim.cs using Guid(8fdc43bcc9e937e4cbf6366fbab9c878) Importer(815301076,1909f56bfc062723c751e8b465ee728b)  -> (artifact id: '2282edb21cb5523932d5ded0a18bb275') in 0.003166 seconds 
  Import took 0.013439 seconds .

========================================================================
Received Import Request.
  Time since last request: 42.563607 seconds.
  path: Assets/license.txt
  artifactKey: Guid(b846ecad8a98bd34dba8a5daf996d86e) Importer(815301076,1909f56bfc062723c751e8b465ee728b)
Start importing Assets/license.txt using Guid(b846ecad8a98bd34dba8a5daf996d86e) Importer(815301076,1909f56bfc062723c751e8b465ee728b)  -> (artifact id: 'bfb9a94f668a1dcdbfffa3171b5e9b2e') in 3.593048 seconds 
  Import took 3.605318 seconds .

========================================================================
Received Import Request.
  Time since last request: 60.800608 seconds.
  path: Assets/_/Stuff/Videos/HitCounter
  artifactKey: Guid(dfca03e310b048e4a857d75e8e5d7c48) Importer(815301076,1909f56bfc062723c751e8b465ee728b)
Start importing Assets/_/Stuff/Videos/HitCounter using Guid(dfca03e310b048e4a857d75e8e5d7c48) Importer(815301076,1909f56bfc062723c751e8b465ee728b)  -> (artifact id: '385cb057948905af3b2afabaa6a9d733') in 0.008346 seconds 
  Import took 0.063066 seconds .

========================================================================
Received Import Request.
  Time since last request: 0.354299 seconds.
  path: Assets/_/Stuff/Videos/HighscoreTable/UI_HighscoreTable.cs
  artifactKey: Guid(f281e6fa0c3c89947a22aac9de1bc66d) Importer(815301076,1909f56bfc062723c751e8b465ee728b)
Start importing Assets/_/Stuff/Videos/HighscoreTable/UI_HighscoreTable.cs using Guid(f281e6fa0c3c89947a22aac9de1bc66d) Importer(815301076,1909f56bfc062723c751e8b465ee728b)  -> (artifact id: 'd5d6f544f0e736b6a3d5bc1fe3f15726') in 0.008960 seconds 
  Import took 0.015665 seconds .

========================================================================
Received Import Request.
  Time since last request: 5.057490 seconds.
  path: Assets/_/Stuff/Videos/Grid
  artifactKey: Guid(d979da0f887e38e43bdc977809d5ddda) Importer(815301076,1909f56bfc062723c751e8b465ee728b)
Start importing Assets/_/Stuff/Videos/Grid using Guid(d979da0f887e38e43bdc977809d5ddda) Importer(815301076,1909f56bfc062723c751e8b465ee728b)  -> (artifact id: '6cf239b01c39e0947be48c5880af2bd7') in 0.005072 seconds 
  Import took 0.016817 seconds .

========================================================================
Received Import Request.
  Time since last request: 6.651324 seconds.
  path: Assets/_/Stuff/Videos/DamagePopups/DamagePopup.cs
  artifactKey: Guid(5e35a65f060248549b93a0de768f64bd) Importer(815301076,1909f56bfc062723c751e8b465ee728b)
Start importing Assets/_/Stuff/Videos/DamagePopups/DamagePopup.cs using Guid(5e35a65f060248549b93a0de768f64bd) Importer(815301076,1909f56bfc062723c751e8b465ee728b)  -> (artifact id: '66220a2c2b961317cbf33375ff3b9ee5') in 0.006921 seconds 
  Import took 0.014868 seconds .

========================================================================
Received Import Request.
  Time since last request: 10.447364 seconds.
  path: Assets/_/Stuff/Videos/DamagePopups/pfDamagePopup.prefab
  artifactKey: Guid(d5cbb6859cac94e41a282a83df2e600c) Importer(815301076,1909f56bfc062723c751e8b465ee728b)
Start importing Assets/_/Stuff/Videos/DamagePopups/pfDamagePopup.prefab using Guid(d5cbb6859cac94e41a282a83df2e600c) Importer(815301076,1909f56bfc062723c751e8b465ee728b)  -> (artifact id: 'fbbf053d527e34f1520928dab9c3affd') in 0.351203 seconds 
  Import took 0.362894 seconds .

