Unity Editor version:    2020.3.28f1 (f5400f52e03f)
Branch:                  2020.3/staging
Build type:              Release
Batch mode:              YES
macOS version:           Version 11.2.3 (Build 20D91)
Darwin version:          20.3.0
Architecture:            x86_64
Running under Rosetta:   NO
Available memory:        8192 MB
Using pre-set license
Pro License: NO

COMMAND LINE ARGUMENTS:
/Applications/Unity/Hub/Editor/2020.3.28f1/Unity.app/Contents/MacOS/Unity
-adb2
-batchMode
-noUpm
-name
AssetImportWorker0
-projectPath
/Users/markusagnsgaard/Downloads/game-main
-logFile
Logs/AssetImportWorker0.log
-srvPort
62913
Successfully changed project path to: /Users/markusagnsgaard/Downloads/game-main
/Users/markusagnsgaard/Downloads/game-main
Using Asset Import Pipeline V2.
Refreshing native plugins compatible for Editor in 100.60 ms, found 2 plugins.
Preloading 0 native plugins for Editor in 0.00 ms.
Initialize engine version: 2020.3.28f1 (f5400f52e03f)
[Subsystems] Discovering subsystems at path /Applications/Unity/Hub/Editor/2020.3.28f1/Unity.app/Contents/Resources/UnitySubsystems
[Subsystems] Discovering subsystems at path /Users/markusagnsgaard/Downloads/game-main/Assets
GfxDevice: creating device client; threaded=0
2022-04-20 19:23:19.663 Unity[84060:928000] Color LCD preferred device: Intel(R) Iris(TM) Plus Graphics 655 (low power)
2022-04-20 19:23:19.663 Unity[84060:928000] Metal devices available: 1
2022-04-20 19:23:19.663 Unity[84060:928000] 0: Intel(R) Iris(TM) Plus Graphics 655 (low power)
2022-04-20 19:23:19.664 Unity[84060:928000] Using device Intel(R) Iris(TM) Plus Graphics 655 (low power)
Initializing Metal device caps: Intel(R) Iris(TM) Plus Graphics 655
Initialize mono
Mono path[0] = '/Applications/Unity/Hub/Editor/2020.3.28f1/Unity.app/Contents/Managed'
Mono path[1] = '/Applications/Unity/Hub/Editor/2020.3.28f1/Unity.app/Contents/MonoBleedingEdge/lib/mono/unityjit'
Mono config path = '/Applications/Unity/Hub/Editor/2020.3.28f1/Unity.app/Contents/MonoBleedingEdge/etc'
Using monoOptions --debugger-agent=transport=dt_socket,embedding=1,server=y,suspend=n,address=127.0.0.1:56060
Begin MonoManager ReloadAssembly
Registering precompiled unity dll's ...
Register platform support module: /Applications/Unity/Hub/Editor/2020.3.28f1/Unity.app/Contents/PlaybackEngines/MacStandaloneSupport/UnityEditor.OSXStandalone.Extensions.dll
Registered in 0.002575 seconds.
Native extension for OSXStandalone target not found
Refreshing native plugins compatible for Editor in 80.56 ms, found 2 plugins.
Preloading 0 native plugins for Editor in 0.00 ms.
Mono: successfully reloaded assembly
- Completed reload, in  0.958 seconds
Domain Reload Profiling:
	ReloadAssembly (959ms)
		BeginReloadAssembly (114ms)
			ExecutionOrderSort (0ms)
			DisableScriptedObjects (0ms)
			BackupInstance (0ms)
			ReleaseScriptingObjects (0ms)
			CreateAndSetChildDomain (1ms)
		EndReloadAssembly (740ms)
			LoadAssemblies (114ms)
			RebuildTransferFunctionScriptingTraits (0ms)
			SetupTypeCache (313ms)
			ReleaseScriptCaches (0ms)
			RebuildScriptCaches (46ms)
			SetupLoadedEditorAssemblies (273ms)
				LogAssemblyErrors (0ms)
				InitializePlatformSupportModulesInManaged (5ms)
				SetLoadedEditorAssemblies (0ms)
				RefreshPlugins (81ms)
				BeforeProcessingInitializeOnLoad (11ms)
				ProcessInitializeOnLoadAttributes (138ms)
				ProcessInitializeOnLoadMethodAttributes (37ms)
				AfterProcessingInitializeOnLoad (0ms)
				EditorAssembliesLoaded (0ms)
			ExecutionOrderSort2 (0ms)
			AwakeInstancesAfterBackupRestoration (0ms)
Platform modules already initialized, skipping
Registering precompiled user dll's ...
Registered in 0.010901 seconds.
Begin MonoManager ReloadAssembly
Native extension for OSXStandalone target not found
Refreshing native plugins compatible for Editor in 79.97 ms, found 2 plugins.
Preloading 0 native plugins for Editor in 0.00 ms.
Mono: successfully reloaded assembly
- Completed reload, in  1.831 seconds
Domain Reload Profiling:
	ReloadAssembly (1834ms)
		BeginReloadAssembly (288ms)
			ExecutionOrderSort (0ms)
			DisableScriptedObjects (10ms)
			BackupInstance (0ms)
			ReleaseScriptingObjects (0ms)
			CreateAndSetChildDomain (58ms)
		EndReloadAssembly (1464ms)
			LoadAssemblies (188ms)
			RebuildTransferFunctionScriptingTraits (0ms)
			SetupTypeCache (564ms)
			ReleaseScriptCaches (2ms)
			RebuildScriptCaches (79ms)
			SetupLoadedEditorAssemblies (543ms)
				LogAssemblyErrors (0ms)
				InitializePlatformSupportModulesInManaged (4ms)
				SetLoadedEditorAssemblies (0ms)
				RefreshPlugins (80ms)
				BeforeProcessingInitializeOnLoad (102ms)
				ProcessInitializeOnLoadAttributes (341ms)
				ProcessInitializeOnLoadMethodAttributes (14ms)
				AfterProcessingInitializeOnLoad (1ms)
				EditorAssembliesLoaded (0ms)
			ExecutionOrderSort2 (0ms)
			AwakeInstancesAfterBackupRestoration (8ms)
Platform modules already initialized, skipping
Validating Project structure ... 0.019797 seconds.
Shader import version has changed; will reimport all shaders...
Upgrading shader files ...0.037630 seconds.
Application.AssetDatabase Initial Script Refresh Start
RefreshInfo: InitialScriptRefreshV2(NoUpdateAssetOptions) scanfilter:  ... 1 filters
RefreshProfiler: Total: 0.000ms
Application.AssetDatabase Initial Script Refresh End
Application.AssetDatabase.Refresh Start
Application.AssetDatabase.Refresh End
RefreshInfo: StopAssetImportingV2(ForceSynchronousImport) scanfilter: 
RefreshProfiler: Total: 0.000ms
Launching external process: /Applications/Unity/Hub/Editor/2020.3.28f1/Unity.app/Contents/Tools/UnityShaderCompiler
Launched and connected shader compiler UnityShaderCompiler after 0.01 seconds
Initializing Unity extensions:
========================================================================
Worker process is ready to serve import requests
Refreshing native plugins compatible for Editor in 0.80 ms, found 2 plugins.
Preloading 0 native plugins for Editor in 0.00 ms.
Unloading 3719 Unused Serialized files (Serialized files now loaded: 0)
System memory in use before: 293.0 MB.
System memory in use after: 292.7 MB.

Unloading 177 unused Assets to reduce memory usage. Loaded Objects now: 4192.
Total: 4.034966 ms (FindLiveObjects: 0.287189 ms CreateObjectMapping: 0.184208 ms MarkObjects: 3.302371 ms  DeleteObjects: 0.260431 ms)

AssetImportParameters requested are different than current active one (requested -> active):
  custom:video-decoder-ogg-theora: a1e56fd34408186e4bbccfd4996cb3dc -> 
  custom:container-muxer-webm: aa71ff27fc2769a1b78a27578f13a17b -> 
  custom:container-demuxer-webm: 4f35f7cbe854078d1ac9338744f61a02 -> 
  custom:container-demuxer-ogg: 62fdf1f143b41e24485cea50d1cbac27 -> 
  custom:video-encoder-webm-vp8: eb34c28f22e8b96e1ab97ce403110664 -> 
  custom:framework-osx-AVFoundation: e770b220cccbd017edd2c1fefb359320 -> 
  custom:video-decoder-webm-vp8: 9c59270c3fd7afecdb556c50c9e8de78 -> 
  custom:audio-decoder-ogg-vorbis: bf7c407c2cedff20999df2af8eb42d56 -> 
  custom:audio-encoder-webm-vorbis: bf7c407c2cedff20999df2af8eb42d56 -> 
========================================================================
Received Import Request.
  path: Assets/ThirdPersonShooter/ThirdPersonShooter.unity
  artifactKey: Guid(0e67d6d8cbce640c1be9b0572c25ffb4) Importer(815301076,1909f56bfc062723c751e8b465ee728b)
Start importing Assets/ThirdPersonShooter/ThirdPersonShooter.unity using Guid(0e67d6d8cbce640c1be9b0572c25ffb4) Importer(815301076,1909f56bfc062723c751e8b465ee728b)  -> (artifact id: '02a14efc2d9bd03714a1e49f2493df97') in 0.014383 seconds 
  Import took 0.020060 seconds .

========================================================================
Received Import Request.
  Time since last request: 0.000331 seconds.
  path: Assets/ThirdPersonShooter/ThirdPersonShooterController.cs
  artifactKey: Guid(f3aab68d07835ed43b7276212231d347) Importer(815301076,1909f56bfc062723c751e8b465ee728b)
Start importing Assets/ThirdPersonShooter/ThirdPersonShooterController.cs using Guid(f3aab68d07835ed43b7276212231d347) Importer(815301076,1909f56bfc062723c751e8b465ee728b)  -> (artifact id: '879fcfb98fc973c66f6404368136bc7c') in 0.355242 seconds 
  Import took 0.364712 seconds .

========================================================================
Received Import Request.
  Time since last request: 116.069754 seconds.
  path: Assets/StarterAssets
  artifactKey: Guid(3998f7975a60248e8b663552cd20a5e8) Importer(815301076,1909f56bfc062723c751e8b465ee728b)
Start importing Assets/StarterAssets using Guid(3998f7975a60248e8b663552cd20a5e8) Importer(815301076,1909f56bfc062723c751e8b465ee728b)  -> (artifact id: '3aaade097d742e1e63f904cc9be6a389') in 0.001587 seconds 
  Import took 0.010526 seconds .

========================================================================
Received Import Request.
  Time since last request: 4.448602 seconds.
  path: Assets/StarterAssets/Editor/PackageChecker
  artifactKey: Guid(14bd68b8c6966124487020c02c9b7f9d) Importer(815301076,1909f56bfc062723c751e8b465ee728b)
Start importing Assets/StarterAssets/Editor/PackageChecker using Guid(14bd68b8c6966124487020c02c9b7f9d) Importer(815301076,1909f56bfc062723c751e8b465ee728b)  -> (artifact id: '91d4a9daae7dc419e12827feda6948d4') in 0.001127 seconds 
  Import took 0.007626 seconds .

========================================================================
Received Import Request.
  Time since last request: 4.075737 seconds.
  path: Assets/StarterAssets/Editor/ThirdPersonStarterAssetsDeployMenu.cs
  artifactKey: Guid(b70f45aa92a641feb261c5d55ce46edf) Importer(815301076,1909f56bfc062723c751e8b465ee728b)
Start importing Assets/StarterAssets/Editor/ThirdPersonStarterAssetsDeployMenu.cs using Guid(b70f45aa92a641feb261c5d55ce46edf) Importer(815301076,1909f56bfc062723c751e8b465ee728b)  -> (artifact id: '0135732b668a5dc639a12d2ec0c6f012') in 0.009707 seconds 
  Import took 0.016464 seconds .

========================================================================
Received Import Request.
  Time since last request: 0.759789 seconds.
  path: Assets/StarterAssets/Editor/StarterAssetsDeployMenu.cs
  artifactKey: Guid(e75357183ea302c4d998136de2cc9669) Importer(815301076,1909f56bfc062723c751e8b465ee728b)
Start importing Assets/StarterAssets/Editor/StarterAssetsDeployMenu.cs using Guid(e75357183ea302c4d998136de2cc9669) Importer(815301076,1909f56bfc062723c751e8b465ee728b)  -> (artifact id: '2439495416f238a8c5a589db42d19a05') in 0.001895 seconds 
  Import took 0.008301 seconds .

========================================================================
Received Import Request.
  Time since last request: 0.977159 seconds.
  path: Assets/StarterAssets/Editor/ScriptingDefineUtils.cs
  artifactKey: Guid(19d5e2567c974ac6817cbc0ae63e638c) Importer(815301076,1909f56bfc062723c751e8b465ee728b)
Start importing Assets/StarterAssets/Editor/ScriptingDefineUtils.cs using Guid(19d5e2567c974ac6817cbc0ae63e638c) Importer(815301076,1909f56bfc062723c751e8b465ee728b)  -> (artifact id: 'bb99db850d75d8ee79f33e2a311ed271') in 0.001800 seconds 
  Import took 0.008274 seconds .

========================================================================
Received Import Request.
  Time since last request: 63.497676 seconds.
  path: Assets/StarterAssets/StarterAssets_Documentation.pdf
  artifactKey: Guid(a4b3ee9030379a042983d43d671fcc92) Importer(815301076,1909f56bfc062723c751e8b465ee728b)
Start importing Assets/StarterAssets/StarterAssets_Documentation.pdf using Guid(a4b3ee9030379a042983d43d671fcc92) Importer(815301076,1909f56bfc062723c751e8b465ee728b)  -> (artifact id: '1192c94f57e7e5d451890f8ba7999d39') in 0.753932 seconds 
  Import took 0.765165 seconds .

========================================================================
Received Import Request.
  Time since last request: 0.054355 seconds.
  path: Assets/StarterAssets_Documentation.pdf
  artifactKey: Guid(1a445425cef527547b9b5d92e92449b6) Importer(815301076,1909f56bfc062723c751e8b465ee728b)
Start importing Assets/StarterAssets_Documentation.pdf using Guid(1a445425cef527547b9b5d92e92449b6) Importer(815301076,1909f56bfc062723c751e8b465ee728b)  -> (artifact id: '410163afa31f5805be6a8bd3a2332f57') in 0.004161 seconds 
  Import took 0.010593 seconds .

========================================================================
Received Import Request.
  Time since last request: 4.983353 seconds.
  path: Assets/testerScene.unity.unity
  artifactKey: Guid(187b2af6cf9304522a0a3fd88956508f) Importer(815301076,1909f56bfc062723c751e8b465ee728b)
Start importing Assets/testerScene.unity.unity using Guid(187b2af6cf9304522a0a3fd88956508f) Importer(815301076,1909f56bfc062723c751e8b465ee728b)  -> (artifact id: '7feb47a8406ea9f03d66a70001f01d98') in 0.001497 seconds 
  Import took 0.008706 seconds .

========================================================================
Received Import Request.
  Time since last request: 9.790483 seconds.
  path: Assets/ThirdPersonShooter
  artifactKey: Guid(9a670c7e2c8c955449795a0e012e8c2d) Importer(815301076,1909f56bfc062723c751e8b465ee728b)
Start importing Assets/ThirdPersonShooter using Guid(9a670c7e2c8c955449795a0e012e8c2d) Importer(815301076,1909f56bfc062723c751e8b465ee728b)  -> (artifact id: '2fe4a7df26e458bfe1d75964884dde18') in 0.001009 seconds 
  Import took 0.007953 seconds .

========================================================================
Received Import Request.
  Time since last request: 10.275490 seconds.
  path: Assets/testerFolder
  artifactKey: Guid(e76f25a4d359c4e499b8e1dbca531ce3) Importer(815301076,1909f56bfc062723c751e8b465ee728b)
Start importing Assets/testerFolder using Guid(e76f25a4d359c4e499b8e1dbca531ce3) Importer(815301076,1909f56bfc062723c751e8b465ee728b)  -> (artifact id: 'ab1681e0bb0ebfaaaebdf8dba954a3ef') in 0.000933 seconds 
  Import took 0.007497 seconds .

========================================================================
Received Import Request.
  Time since last request: 23.680095 seconds.
  path: Assets/StarterAssets/Editor
  artifactKey: Guid(577651ee23b1b8342a827136803910fb) Importer(815301076,1909f56bfc062723c751e8b465ee728b)
Start importing Assets/StarterAssets/Editor using Guid(577651ee23b1b8342a827136803910fb) Importer(815301076,1909f56bfc062723c751e8b465ee728b)  -> (artifact id: 'e4c57f420eb03aa2dd7305cfae48794b') in 0.001670 seconds 
  Import took 0.009564 seconds .

========================================================================
Received Prepare
Registering precompiled user dll's ...
Registered in 0.005658 seconds.
Begin MonoManager ReloadAssembly
Native extension for OSXStandalone target not found
Refreshing native plugins compatible for Editor in 0.84 ms, found 2 plugins.
Preloading 0 native plugins for Editor in 0.00 ms.
Mono: successfully reloaded assembly
- Completed reload, in  2.036 seconds
Domain Reload Profiling:
	ReloadAssembly (2040ms)
		BeginReloadAssembly (408ms)
			ExecutionOrderSort (0ms)
			DisableScriptedObjects (16ms)
			BackupInstance (0ms)
			ReleaseScriptingObjects (0ms)
			CreateAndSetChildDomain (220ms)
		EndReloadAssembly (1504ms)
			LoadAssemblies (192ms)
			RebuildTransferFunctionScriptingTraits (1ms)
			SetupTypeCache (585ms)
			ReleaseScriptCaches (1ms)
			RebuildScriptCaches (67ms)
			SetupLoadedEditorAssemblies (493ms)
				LogAssemblyErrors (0ms)
				InitializePlatformSupportModulesInManaged (6ms)
				SetLoadedEditorAssemblies (1ms)
				RefreshPlugins (1ms)
				BeforeProcessingInitializeOnLoad (147ms)
				ProcessInitializeOnLoadAttributes (323ms)
				ProcessInitializeOnLoadMethodAttributes (14ms)
				AfterProcessingInitializeOnLoad (1ms)
				EditorAssembliesLoaded (0ms)
			ExecutionOrderSort2 (0ms)
			AwakeInstancesAfterBackupRestoration (12ms)
Platform modules already initialized, skipping
Refreshing native plugins compatible for Editor in 0.85 ms, found 2 plugins.
Preloading 0 native plugins for Editor in 0.00 ms.
Unloading 3573 Unused Serialized files (Serialized files now loaded: 0)
System memory in use before: 295.4 MB.
System memory in use after: 295.6 MB.

Unloading 21 unused Assets to reduce memory usage. Loaded Objects now: 4192.
Total: 4.313974 ms (FindLiveObjects: 0.365524 ms CreateObjectMapping: 0.184004 ms MarkObjects: 3.723883 ms  DeleteObjects: 0.039691 ms)

AssetImportParameters requested are different than current active one (requested -> active):
  custom:video-decoder-ogg-theora: a1e56fd34408186e4bbccfd4996cb3dc -> 
  custom:container-muxer-webm: aa71ff27fc2769a1b78a27578f13a17b -> 
  custom:container-demuxer-webm: 4f35f7cbe854078d1ac9338744f61a02 -> 
  custom:container-demuxer-ogg: 62fdf1f143b41e24485cea50d1cbac27 -> 
  custom:video-encoder-webm-vp8: eb34c28f22e8b96e1ab97ce403110664 -> 
  custom:framework-osx-AVFoundation: e770b220cccbd017edd2c1fefb359320 -> 
  custom:video-decoder-webm-vp8: 9c59270c3fd7afecdb556c50c9e8de78 -> 
  custom:audio-decoder-ogg-vorbis: bf7c407c2cedff20999df2af8eb42d56 -> 
  custom:audio-encoder-webm-vorbis: bf7c407c2cedff20999df2af8eb42d56 -> 
========================================================================
Received Prepare
Registering precompiled user dll's ...
Registered in 0.010624 seconds.
Begin MonoManager ReloadAssembly
Native extension for OSXStandalone target not found
Refreshing native plugins compatible for Editor in 0.85 ms, found 2 plugins.
Preloading 0 native plugins for Editor in 0.00 ms.
Mono: successfully reloaded assembly
- Completed reload, in  1.811 seconds
Domain Reload Profiling:
	ReloadAssembly (1812ms)
		BeginReloadAssembly (315ms)
			ExecutionOrderSort (0ms)
			DisableScriptedObjects (12ms)
			BackupInstance (0ms)
			ReleaseScriptingObjects (0ms)
			CreateAndSetChildDomain (146ms)
		EndReloadAssembly (1414ms)
			LoadAssemblies (212ms)
			RebuildTransferFunctionScriptingTraits (0ms)
			SetupTypeCache (508ms)
			ReleaseScriptCaches (2ms)
			RebuildScriptCaches (67ms)
			SetupLoadedEditorAssemblies (472ms)
				LogAssemblyErrors (0ms)
				InitializePlatformSupportModulesInManaged (4ms)
				SetLoadedEditorAssemblies (1ms)
				RefreshPlugins (1ms)
				BeforeProcessingInitializeOnLoad (137ms)
				ProcessInitializeOnLoadAttributes (311ms)
				ProcessInitializeOnLoadMethodAttributes (16ms)
				AfterProcessingInitializeOnLoad (2ms)
				EditorAssembliesLoaded (0ms)
			ExecutionOrderSort2 (0ms)
			AwakeInstancesAfterBackupRestoration (12ms)
Platform modules already initialized, skipping
Refreshing native plugins compatible for Editor in 0.96 ms, found 2 plugins.
Preloading 0 native plugins for Editor in 0.00 ms.
Unloading 3573 Unused Serialized files (Serialized files now loaded: 0)
System memory in use before: 295.8 MB.
System memory in use after: 296.0 MB.

Unloading 17 unused Assets to reduce memory usage. Loaded Objects now: 4194.
Total: 4.730086 ms (FindLiveObjects: 0.293794 ms CreateObjectMapping: 0.172176 ms MarkObjects: 4.231789 ms  DeleteObjects: 0.031495 ms)

AssetImportParameters requested are different than current active one (requested -> active):
  custom:video-decoder-ogg-theora: a1e56fd34408186e4bbccfd4996cb3dc -> 
  custom:container-muxer-webm: aa71ff27fc2769a1b78a27578f13a17b -> 
  custom:container-demuxer-webm: 4f35f7cbe854078d1ac9338744f61a02 -> 
  custom:container-demuxer-ogg: 62fdf1f143b41e24485cea50d1cbac27 -> 
  custom:video-encoder-webm-vp8: eb34c28f22e8b96e1ab97ce403110664 -> 
  custom:framework-osx-AVFoundation: e770b220cccbd017edd2c1fefb359320 -> 
  custom:video-decoder-webm-vp8: 9c59270c3fd7afecdb556c50c9e8de78 -> 
  custom:audio-decoder-ogg-vorbis: bf7c407c2cedff20999df2af8eb42d56 -> 
  custom:audio-encoder-webm-vorbis: bf7c407c2cedff20999df2af8eb42d56 -> 
